<?xml version="1.0" encoding="UTF-8"?>
<!-- Generated by org.testng.reporters.JUnitReportReporter -->
<testsuite skipped="0" hostname="amiteshs-MacBook-Air.local" name="com.CiviCrm.Practice.Login" tests="1" failures="0" timestamp="06 Aug 2018 19:07:09 GMT" time="7.414" errors="0">
  <testcase name="loggingIn" time="7.414" classname="com.CiviCrm.Practice.Login"/>
</testsuite> <!-- com.CiviCrm.Practice.Login -->
