<?xml version="1.0" encoding="UTF-8"?>
<!-- Generated by org.testng.reporters.JUnitReportReporter -->
<testsuite skipped="0" hostname="amiteshs-MacBook-Air.local" name="com.CiviCrm.Practice.Login" tests="1" failures="0" timestamp="09 Aug 2018 16:07:48 GMT" time="8.512" errors="0">
  <testcase name="loggingIn" time="8.512" classname="com.CiviCrm.Practice.Login"/>
</testsuite> <!-- com.CiviCrm.Practice.Login -->
