<?xml version="1.0" encoding="UTF-8"?>
<!-- Generated by org.testng.reporters.JUnitReportReporter -->
<testsuite skipped="0" hostname="amiteshs-MacBook-Air.local" name="com.CiviCrm.Practice.NewMailling" tests="2" failures="0" timestamp="06 Aug 2018 07:13:54 GMT" time="30.343" errors="0">
  <testcase name="login" time="5.237" classname="com.CiviCrm.Practice.NewMailling"/>
  <testcase name="createMail" time="25.106" classname="com.CiviCrm.Practice.NewMailling"/>
</testsuite> <!-- com.CiviCrm.Practice.NewMailling -->
